[debug] [2023-03-18T15:44:49.182Z] ----------------------------------------------------------------------
[debug] [2023-03-18T15:44:49.183Z] Command:       C:\Program Files\nodejs\node.exe C:\Users\DELL\AppData\Roaming\npm\node_modules\firebase-tools\lib\bin\firebase.js init
[debug] [2023-03-18T15:44:49.184Z] CLI Version:   11.24.1
[debug] [2023-03-18T15:44:49.184Z] Platform:      win32
[debug] [2023-03-18T15:44:49.184Z] Node Version:  v16.13.2
[debug] [2023-03-18T15:44:49.185Z] Time:          Sat Mar 18 2023 21:14:49 GMT+0530 (India Standard Time)
[debug] [2023-03-18T15:44:49.186Z] ----------------------------------------------------------------------
[debug] 
[debug] [2023-03-18T15:44:49.248Z] > command requires scopes: ["email","openid","https://www.googleapis.com/auth/cloudplatformprojects.readonly","https://www.googleapis.com/auth/firebase","https://www.googleapis.com/auth/cloud-platform"]
[debug] [2023-03-18T15:44:49.248Z] > authorizing via signed-in user (sivakongunadu234@gmail.com)
[info] 
     ######## #### ########  ######## ########     ###     ######  ########
     ##        ##  ##     ## ##       ##     ##  ##   ##  ##       ##
     ######    ##  ########  ######   ########  #########  ######  ######
     ##        ##  ##    ##  ##       ##     ## ##     ##       ## ##
     ##       #### ##     ## ######## ########  ##     ##  ######  ########

You're about to initialize a Firebase project in this directory:

  D:\React\firbaselearn

Before we get started, keep in mind:

  * You are initializing within an existing Firebase project directory

